<?xml version="1.0" encoding="UTF-8"?>
<testsuite name="lexer.LexerTest" tests="1" skipped="0" failures="0" errors="0" timestamp="2021-06-09T08:50:40" hostname="PCMICRO-9AJN5DB" time="0.036">
  <properties/>
  <testcase name="testLexer()" classname="lexer.LexerTest" time="0.036"/>
  <system-out><![CDATA[<1 1 PROGRAM program>
<1 9 IDENTIFIER test>
<2 1 VAR var>
<2 5 INTEGER integer>
<2 13 IDENTIFIER s>
<2 14 SEMI ;>
<3 5 INTEGER integer>
<3 13 IDENTIFIER t>
<3 14 SEMI ;>
<4 1 PROCEDURE procedure>
<4 11 IDENTIFIER factor>
<4 17 LPAREN (>
<4 18 INTEGER integer>
<4 26 IDENTIFIER n>
<4 27 COMMA ,>
<4 29 VAR var>
<4 33 INTEGER integer>
<4 41 IDENTIFIER m>
<4 42 RPAREN )>
<4 43 SEMI ;>
<5 1 VAR var>
<5 5 INTEGER integer>
<5 13 IDENTIFIER w>
<5 14 SEMI ;>
<6 1 BEGIN begin>
<7 1 END end>
<7 4 EOF end of file>
]]></system-out>
  <system-err><![CDATA[]]></system-err>
</testsuite>
