<?xml version="1.0" encoding="UTF-8"?>
<testsuite name="lexer.LexerTest" tests="1" skipped="0" failures="0" errors="0" timestamp="2021-06-11T09:54:52" hostname="PCMICRO-9AJN5DB" time="0.033">
  <properties/>
  <testcase name="tokenlize()" classname="lexer.LexerTest" time="0.033"/>
  <system-out><![CDATA[<Word: "program"> <Word: "test"> <Word: "var"> <Word: "integer"> <Word: "s"> <Word: ";"> <Word: "procedure"> <Word: "factor"> <Word: "("> <Word: "integer"> <Word: "n"> <Word: ","> <Word: "var"> <Word: "integer"> <Word: "m"> <Word: ")"> <Word: ";"> <Word: "var"> <Word: "integer"> <Word: "w"> <Word: ";"> <Word: "begin"> <Word: "while"> <Word: "("> <Word: "c"> <BadToken: '!'> <Word: "="> <Number: 5> <Word: ")"> <Word: "end"> <Word: ">"> <EOF> ]]></system-out>
  <system-err><![CDATA[]]></system-err>
</testsuite>
